<?xml version="1.0" encoding="UTF-8"?>
<!-- Generated by org.testng.reporters.JUnitXMLReporter -->
<testsuite hostname="IN-PF1ZJ1Z0" ignored="0" name="Regression Scenarios" tests="3" failures="0" timestamp="2021-02-13T19:43:26 IST" time="0.018" errors="0">
  <testcase name="test7" time="0.004" classname="testngdemo.MyFirstTestNG3"/>
  <testcase name="test8" time="0.002" classname="testngdemo.MyFirstTestNG3"/>
  <testcase name="test9" time="0.002" classname="testngdemo.MyFirstTestNG3"/>
</testsuite> <!-- Regression Scenarios -->
