<?xml version="1.0" encoding="UTF-8"?>
<!-- Generated by org.testng.reporters.JUnitXMLReporter -->
<testsuite hostname="IN-PF1ZJ1Z0" ignored="0" name="Smoke Scenarios" tests="6" failures="0" timestamp="2021-02-13T19:43:26 IST" time="0.101" errors="0">
  <testcase name="test2" time="0.016" classname="testngdemo.MyFirstTestNG"/>
  <testcase name="test1" time="0.003" classname="testngdemo.MyFirstTestNG"/>
  <testcase name="test3" time="0.003" classname="testngdemo.MyFirstTestNG"/>
  <testcase name="test4" time="0.002" classname="testngdemo.MyFirstTestNG2"/>
  <testcase name="test5" time="0.001" classname="testngdemo.MyFirstTestNG2"/>
  <testcase name="test6" time="0.002" classname="testngdemo.MyFirstTestNG2"/>
</testsuite> <!-- Smoke Scenarios -->
