<?xml version="1.0" encoding="UTF-8"?>
<!-- Generated by org.testng.reporters.JUnitXMLReporter -->
<testsuite hostname="IN-PF1ZJ1Z0" ignored="0" name="ChromeTest" tests="1" failures="1" timestamp="2021-02-14T15:40:49 IST" time="0.061" errors="0">
  <testcase name="login" time="0.012" classname="testngdemo.LoginOrangeHRM">
    <failure type="java.lang.NoClassDefFoundError" message="org/apache/hc/core5/http/ClassicHttpRequest">
      <![CDATA[java.lang.NoClassDefFoundError: org/apache/hc/core5/http/ClassicHttpRequest
at testngdemo.LoginOrangeHRM.login(LoginOrangeHRM.java:20)
at java.util.ArrayList.forEach(Unknown Source)
Caused by: java.lang.ClassNotFoundException: org.apache.hc.core5.http.ClassicHttpRequest
at java.net.URLClassLoader.findClass(Unknown Source)
at java.lang.ClassLoader.loadClass(Unknown Source)
at sun.misc.Launcher$AppClassLoader.loadClass(Unknown Source)
at java.lang.ClassLoader.loadClass(Unknown Source)
... 29 more
... Removed 27 stack frames]]>
    </failure>
  </testcase> <!-- login -->
</testsuite> <!-- ChromeTest -->
